     1  = 0000000A                              CYLS	EQU		10
     2 00000000                                 
     3 00000000                                 
     4                                          	ORG		0x7c00			; このプログラムのメモリ配置場所
     5 00007C00                                 
     6 00007C00                                 ; FAT12フォーマットのフロッピーディスク用
     7 00007C00 EB 4E                           	JMP		entry
     8 00007C02 90                              	DB		0x90
     9 00007C03 48 41 52 4F 42 50 54 45         	DB		"HAROBPTE"
    10 00007C0B 0200                            	DW		512				; 1セクタの大きさ
    11 00007C0D 01                              	DB		1				; クラスタの大きさ
    12 00007C0E 0001                            	DW		1				; FATがどこから始まるか
    13 00007C10 02                              	DB		2				; FATの個数
    14 00007C11 00E0                            	DW		224				; ルートディレクトリ領域の大きさ
    15 00007C13 0B40                            	DW		2880			; このドライブの大きさ
    16 00007C15 F0                              	DB		0xf0			; メディアのタイプ
    17 00007C16 0009                            	DW		9				; FAT領域の長さ
    18 00007C18 0012                            	DW		18				; 1トラックにいくつのセクタがあるか
    19 00007C1A 0002                            	DW		2				; ヘッドの数
    20 00007C1C 00000000                        	DD		0				; パーティションを使っていない場合は0指定
    21 00007C20 00000B40                        	DD		2880			; このドライブの大きさ
    22 00007C24 00 00 29                        	DB		0,0,0x29		; 固定値？
    23 00007C27 FFFFFFFF                        	DD		0xffffffff		; ボリュームシリアル番号？
    24 00007C2B 48 41 52 49 42 4F 54 45 2D 4F   	DB		"HARIBOTE-OS"	; ディスクの名前（11バイト固定)
       00007C35 53 
    25 00007C36 46 41 54 31 32 20 20 20         	DB		"FAT12   "		; フォーマットの名前(8バイト固定)
    26 00007C3E 00 00 00 00 00 00 00 00 00 00   	RESB	18				; 18バイトあける
       00007C48 00 00 00 00 00 00 00 00 
    27 00007C50                                 
    28 00007C50                                 ; プログラム本体
    29 00007C50                                 entry:
    30 00007C50 B8 0000                         	MOV		AX, 0
    31 00007C53 8E D0                           	MOV		SS, AX
    32 00007C55 BC 7C00                         	MOV		SP, 0x7c00
    33 00007C58 8E D8                           	MOV		DS, AX
    34 00007C5A                                 
    35 00007C5A                                 ; ディスクを読む
    36 00007C5A B8 0820                         	MOV		AX, 0x0820
    37 00007C5D 8E C0                           	MOV		ES, AX
    38 00007C5F B5 00                           	MOV		CH, 0			; シリンダ0
    39 00007C61 B6 00                           	MOV		DH,	0			; ヘッド0
    40 00007C63 B1 02                           	MOV		CL, 2			; セクタ2
    41 00007C65                                 readloop:
    42 00007C65 BE 0000                         	MOV		SI, 0			; 失敗回数をカウントするレジスタ
    43 00007C68                                 retry:
    44 00007C68 B4 02                           	MOV		AH, 0x02		; ディスク読み込み
    45 00007C6A B0 01                           	MOV		AL, 1			; 1セクタ
    46 00007C6C BB 0000                         	MOV		BX, 0
    47 00007C6F B2 00                           	MOV		DL, 0x00		; Aドライブ
    48 00007C71 CD 13                           	INT		0x13			; ディスクBIOS呼び出し
    49 00007C73 73 10                           	JNC		next			; エラーなしならnextへ
    50 00007C75 83 C6 01                        	ADD		SI, 1
    51 00007C78 83 FE 05                        	CMP		SI, 5
    52 00007C7B 73 2E                           	JAE		error			; SI>=5ならerrorへ遷移
    53 00007C7D B4 00                           	MOV		AH, 0x00
    54 00007C7F B6 00                           	MOV		DH, 0x00		; Aドライブ
    55 00007C81 CD 13                           	INT		0x13			; ドライブリセット
    56 00007C83 EB E3                           	JMP		retry
    57 00007C85                                 
    58 00007C85                                 next:
    59 00007C85 8C C0                           	MOV		AX, ES			;
    60 00007C87 05 0200                         	ADD		AX, 0x0200		;
    61 00007C8A 8E C0                           	MOV		ES, AX			; アドレスを0x200進める
    62 00007C8C 80 C1 01                        	ADD		CL, 1
    63 00007C8F 80 F9 12                        	CMP		CL, 18
    64 00007C92 76 D1                           	JBE		readloop		; CL<=18 ならreadloopへ遷移
    65 00007C94 B1 01                           	MOV		CL, 1
    66 00007C96 80 C6 01                        	ADD		DH, 1
    67 00007C99 80 FE 02                        	CMP		DH, 2
    68 00007C9C 72 C7                           	JB		readloop		; DH<=2 ならreadloopへ遷移
    69 00007C9E B6 00                           	MOV		DH, 0
    70 00007CA0 80 C5 01                        	ADD		CH, 1
    71 00007CA3 80 FD 0A                        	CMP		CH, CYLS
    72 00007CA6 72 BD                           	JB		readloop		; CH<CYHSならreadloopへ遷移
    73 00007CA8                                 
    74 00007CA8                                 ; 読み終わったのでbaribote.sysを実行する
    75 00007CA8 E9 4555                         	JMP		0xc200
    76 00007CAB                                 
    77 00007CAB                                 error:
    78 00007CAB BE 7CC3                         	MOV		SI, msg
    79 00007CAE                                 putloop:
    80 00007CAE 8A 04                           	MOV		AL, [SI]
    81 00007CB0 83 C6 01                        	ADD		SI, 1
    82 00007CB3 3C 00                           	CMP		AL, 0
    83 00007CB5 74 09                           	JE		fin				; AL==0ならfinへ遷移
    84 00007CB7 B4 0E                           	MOV		AH, 0x0e		; 一文字表示ファンクション
    85 00007CB9 BB 000F                         	MOV		BX, 15			; カラーコード
    86 00007CBC CD 10                           	INT		0x10			; ビデオBIOS呼び出し
    87 00007CBE EB EE                           	JMP		putloop
    88 00007CC0                                 fin:
    89 00007CC0 F4                              	HLT
    90 00007CC1 EB FD                           	JMP		fin
    91 00007CC3                                 msg:
    92 00007CC3 0A 0A                           	DB		0x0a, 0x0a
    93 00007CC5 6C 6F 61 64 20 65 72 72 6F 72   	DB		"load error"
    94 00007CCF 0A                              	DB		0x0a
    95 00007CD0 00                              	DB		0
    96 00007CD1                                 
    97 00007CD1 00 00 00 00 00 00 00 00 00 00   	RESB	0x7dfe-$
       00007CDB 00 00 00 00 00 00 00 00 00 00 
       00007CE5 00 00 00 00 00 00 00 00 00 00 
       00007CEF 00 00 00 00 00 00 00 00 00 00 
       00007CF9 00 00 00 00 00 00 00 00 00 00 
       00007D03 00 00 00 00 00 00 00 00 00 00 
       00007D0D 00 00 00 00 00 00 00 00 00 00 
       00007D17 00 00 00 00 00 00 00 00 00 00 
       00007D21 00 00 00 00 00 00 00 00 00 00 
       00007D2B 00 00 00 00 00 00 00 00 00 00 
       00007D35 00 00 00 00 00 00 00 00 00 00 
       00007D3F 00 00 00 00 00 00 00 00 00 00 
       00007D49 00 00 00 00 00 00 00 00 00 00 
       00007D53 00 00 00 00 00 00 00 00 00 00 
       00007D5D 00 00 00 00 00 00 00 00 00 00 
       00007D67 00 00 00 00 00 00 00 00 00 00 
       00007D71 00 00 00 00 00 00 00 00 00 00 
       00007D7B 00 00 00 00 00 00 00 00 00 00 
       00007D85 00 00 00 00 00 00 00 00 00 00 
       00007D8F 00 00 00 00 00 00 00 00 00 00 
       00007D99 00 00 00 00 00 00 00 00 00 00 
       00007DA3 00 00 00 00 00 00 00 00 00 00 
       00007DAD 00 00 00 00 00 00 00 00 00 00 
       00007DB7 00 00 00 00 00 00 00 00 00 00 
       00007DC1 00 00 00 00 00 00 00 00 00 00 
       00007DCB 00 00 00 00 00 00 00 00 00 00 
       00007DD5 00 00 00 00 00 00 00 00 00 00 
       00007DDF 00 00 00 00 00 00 00 00 00 00 
       00007DE9 00 00 00 00 00 00 00 00 00 00 
       00007DF3 00 00 00 00 00 00 00 00 00 00 
       00007DFD 00 
    98 00007DFE                                 	
    99 00007DFE 55 AA                           	DB		0x55, 0xaa
   100 00007E00                                 
